0 silly argv {
0 silly argv   _: [ 'version' ],
0 silly argv   lernaVersion: '3.22.1',
0 silly argv   '$0': '/Users/giralte/src/portals/node_modules/.bin/lerna',
0 silly argv   bump: '0.5.0'
0 silly argv }
1 notice cli v3.22.1
2 verbose rootPath /Users/giralte/src/portals
3 info current version 0.4.1
4 silly isAnythingCommitted
5 verbose isAnythingCommitted 1
6 silly currentBranch
7 verbose currentBranch main
8 silly remoteBranchExists
9 silly isBehindUpstream
10 silly isBehindUpstream main is behind origin/main by 0 commit(s) and ahead by 0
11 silly hasTags
12 verbose hasTags true
13 silly git-describe.sync "0.4.1-9-gf7cdda5" => {"lastTagName":"0.4.1","lastVersion":"0.4.1","refCount":"9","sha":"f7cdda5","isDirty":false}
14 info Looking for changed packages since 0.4.1
15 silly checking diff android
16 silly found diff in android/IonicPortals/build.gradle.kts
16 silly found diff in android/IonicPortals/src/main/kotlin/io/ionic/portals/Portal.kt
16 silly found diff in android/IonicPortals/src/main/kotlin/io/ionic/portals/PortalFragment.kt
16 silly found diff in android/IonicPortals/src/main/kotlin/io/ionic/portals/PortalView.kt
16 silly found diff in android/build.gradle.kts
17 verbose filtered diff [
17 verbose filtered diff   'android/IonicPortals/build.gradle.kts',
17 verbose filtered diff   'android/IonicPortals/src/main/kotlin/io/ionic/portals/Portal.kt',
17 verbose filtered diff   'android/IonicPortals/src/main/kotlin/io/ionic/portals/PortalFragment.kt',
17 verbose filtered diff   'android/IonicPortals/src/main/kotlin/io/ionic/portals/PortalView.kt',
17 verbose filtered diff   'android/build.gradle.kts'
17 verbose filtered diff ]
18 silly checking diff ios
19 silly found diff in ios/IonicPortals/IonicPortals.xcodeproj/project.pbxproj
19 silly found diff in ios/IonicPortals/IonicPortals.xcodeproj/xcshareddata/xcschemes/IonicPortals.xcscheme
19 silly found diff in ios/IonicPortals/IonicPortals/PortalBuilder.swift
19 silly found diff in ios/IonicPortals/IonicPortals/PortalManager.swift
19 silly found diff in ios/IonicPortals/IonicPortals/PortalUIWebView.swift
19 silly found diff in ios/IonicPortals/IonicPortals/PortalWebView.swift
19 silly found diff in ios/Podfile
19 silly found diff in ios/Podfile.lock
19 silly found diff in ios/PortalsTestApp/PortalsTestApp.xcodeproj/project.pbxproj
19 silly found diff in ios/PortalsTestApp/PortalsTestApp.xcodeproj/xcshareddata/xcschemes/PortalsTestApp-iOS.xcscheme
19 silly found diff in ios/PortalsTestApp/PortalsTestApp.xcodeproj/xcshareddata/xcschemes/PortalsTestApp-macOS.xcscheme
19 silly found diff in ios/PortalsTestApp/Shared/ContentView.swift
19 silly found diff in ios/PortalsTestApp/Shared/PortalsTestApp.swift
19 silly found diff in ios/PortalsTestApp/portalWeb/README.md
19 silly found diff in ios/PortalsTestApp/portalWeb/capacitor.config.ts
19 silly found diff in ios/PortalsTestApp/portalWeb/ionic.config.json
19 silly found diff in ios/PortalsTestApp/portalWeb/models.ts
19 silly found diff in ios/PortalsTestApp/portalWeb/package-lock.json
19 silly found diff in ios/PortalsTestApp/portalWeb/package.json
19 silly found diff in ios/PortalsTestApp/portalWeb/public/favicon.ico
19 silly found diff in ios/PortalsTestApp/portalWeb/public/index.html
19 silly found diff in ios/PortalsTestApp/portalWeb/public/robots.txt
19 silly found diff in ios/PortalsTestApp/portalWeb/src/App.tsx
19 silly found diff in ios/PortalsTestApp/portalWeb/src/components/FadeIn.scss
19 silly found diff in ios/PortalsTestApp/portalWeb/src/components/FadeIn.tsx
19 silly found diff in ios/PortalsTestApp/portalWeb/src/index.tsx
19 silly found diff in ios/PortalsTestApp/portalWeb/src/logo.svg
19 silly found diff in ios/PortalsTestApp/portalWeb/src/pages/DevPage/DevPage.tsx
19 silly found diff in ios/PortalsTestApp/portalWeb/src/pages/DevPage/index.ts
19 silly found diff in ios/PortalsTestApp/portalWeb/src/pages/HelpPage/HelpPage.scss
19 silly found diff in ios/PortalsTestApp/portalWeb/src/pages/HelpPage/HelpPage.tsx
19 silly found diff in ios/PortalsTestApp/portalWeb/src/pages/HelpPage/index.ts
19 silly found diff in ios/PortalsTestApp/portalWeb/src/react-app-env.d.ts
19 silly found diff in ios/PortalsTestApp/portalWeb/src/reportWebVitals.ts
19 silly found diff in ios/PortalsTestApp/portalWeb/src/setupTests.ts
19 silly found diff in ios/PortalsTestApp/portalWeb/src/theme/variables.css
19 silly found diff in ios/PortalsTestApp/portalWeb/tsconfig.json
19 silly found diff in ios/package-lock.json
19 silly found diff in ios/package.json
20 verbose filtered diff [
20 verbose filtered diff   'ios/IonicPortals/IonicPortals.xcodeproj/project.pbxproj',
20 verbose filtered diff   'ios/IonicPortals/IonicPortals.xcodeproj/xcshareddata/xcschemes/IonicPortals.xcscheme',
20 verbose filtered diff   'ios/IonicPortals/IonicPortals/PortalBuilder.swift',
20 verbose filtered diff   'ios/IonicPortals/IonicPortals/PortalManager.swift',
20 verbose filtered diff   'ios/IonicPortals/IonicPortals/PortalUIWebView.swift',
20 verbose filtered diff   'ios/IonicPortals/IonicPortals/PortalWebView.swift',
20 verbose filtered diff   'ios/Podfile',
20 verbose filtered diff   'ios/Podfile.lock',
20 verbose filtered diff   'ios/PortalsTestApp/PortalsTestApp.xcodeproj/project.pbxproj',
20 verbose filtered diff   'ios/PortalsTestApp/PortalsTestApp.xcodeproj/xcshareddata/xcschemes/PortalsTestApp-iOS.xcscheme',
20 verbose filtered diff   'ios/PortalsTestApp/PortalsTestApp.xcodeproj/xcshareddata/xcschemes/PortalsTestApp-macOS.xcscheme',
20 verbose filtered diff   'ios/PortalsTestApp/Shared/ContentView.swift',
20 verbose filtered diff   'ios/PortalsTestApp/Shared/PortalsTestApp.swift',
20 verbose filtered diff   'ios/PortalsTestApp/portalWeb/README.md',
20 verbose filtered diff   'ios/PortalsTestApp/portalWeb/capacitor.config.ts',
20 verbose filtered diff   'ios/PortalsTestApp/portalWeb/ionic.config.json',
20 verbose filtered diff   'ios/PortalsTestApp/portalWeb/models.ts',
20 verbose filtered diff   'ios/PortalsTestApp/portalWeb/package-lock.json',
20 verbose filtered diff   'ios/PortalsTestApp/portalWeb/package.json',
20 verbose filtered diff   'ios/PortalsTestApp/portalWeb/public/favicon.ico',
20 verbose filtered diff   'ios/PortalsTestApp/portalWeb/public/index.html',
20 verbose filtered diff   'ios/PortalsTestApp/portalWeb/public/robots.txt',
20 verbose filtered diff   'ios/PortalsTestApp/portalWeb/src/App.tsx',
20 verbose filtered diff   'ios/PortalsTestApp/portalWeb/src/components/FadeIn.scss',
20 verbose filtered diff   'ios/PortalsTestApp/portalWeb/src/components/FadeIn.tsx',
20 verbose filtered diff   'ios/PortalsTestApp/portalWeb/src/index.tsx',
20 verbose filtered diff   'ios/PortalsTestApp/portalWeb/src/logo.svg',
20 verbose filtered diff   'ios/PortalsTestApp/portalWeb/src/pages/DevPage/DevPage.tsx',
20 verbose filtered diff   'ios/PortalsTestApp/portalWeb/src/pages/DevPage/index.ts',
20 verbose filtered diff   'ios/PortalsTestApp/portalWeb/src/pages/HelpPage/HelpPage.scss',
20 verbose filtered diff   'ios/PortalsTestApp/portalWeb/src/pages/HelpPage/HelpPage.tsx',
20 verbose filtered diff   'ios/PortalsTestApp/portalWeb/src/pages/HelpPage/index.ts',
20 verbose filtered diff   'ios/PortalsTestApp/portalWeb/src/react-app-env.d.ts',
20 verbose filtered diff   'ios/PortalsTestApp/portalWeb/src/reportWebVitals.ts',
20 verbose filtered diff   'ios/PortalsTestApp/portalWeb/src/setupTests.ts',
20 verbose filtered diff   'ios/PortalsTestApp/portalWeb/src/theme/variables.css',
20 verbose filtered diff   'ios/PortalsTestApp/portalWeb/tsconfig.json',
20 verbose filtered diff   'ios/package-lock.json',
20 verbose filtered diff   'ios/package.json'
20 verbose filtered diff ]
21 silly checking diff plugin
22 silly no diff found in @ionic/portals
23 verbose updated ionic-portals-android
24 verbose updated ionic-portals-ios
25 verbose git-describe undefined => "0.4.1-9-gf7cdda5"
26 silly git-describe parsed => {"lastTagName":"0.4.1","lastVersion":"0.4.1","refCount":"9","sha":"f7cdda5","isDirty":false}
27 info execute Creating releases...
28 silly lifecycle No script for "preversion" in "root", continuing
29 silly lifecycle No script for "preversion" in "ionic-portals-android", continuing
30 silly lifecycle No script for "preversion" in "ionic-portals-ios", continuing
31 silly lifecycle No script for "preversion" in "@ionic/portals", continuing
32 silly lifecycle No script for "version" in "ionic-portals-android", continuing
33 silly fixed for ionic-portals-android at /Users/giralte/src/portals/android
34 verbose getChangelogConfig using preset "conventional-changelog-angular"
35 silly npa Result {
35 silly npa   type: 'tag',
35 silly npa   registry: true,
35 silly npa   where: undefined,
35 silly npa   raw: 'conventional-changelog-angular',
35 silly npa   name: 'conventional-changelog-angular',
35 silly npa   escapedName: 'conventional-changelog-angular',
35 silly npa   scope: undefined,
35 silly npa   rawSpec: '',
35 silly npa   saveSpec: null,
35 silly npa   fetchSpec: 'latest',
35 silly npa   gitRange: undefined,
35 silly npa   gitCommittish: undefined,
35 silly npa   hosted: undefined
35 silly npa }
36 verbose getChangelogConfig Attempting to resolve preset "conventional-changelog-angular"
37 info getChangelogConfig Successfully resolved preset "conventional-changelog-angular"
38 silly lifecycle No script for "version" in "ionic-portals-ios", continuing
39 silly fixed for ionic-portals-ios at /Users/giralte/src/portals/ios
40 silly lifecycle No script for "version" in "@ionic/portals", continuing
41 silly fixed for @ionic/portals at /Users/giralte/src/portals/plugin
42 silly fixed writing new entry: "# [0.5.0](https://github.com/ionic-team/ionic-portals/compare/0.4.2...0.5.0) (2022-02-16)\n\n**Note:** Version bump only for package ionic-portals-android\n\n\n\n"
43 verbose fixed wrote /Users/giralte/src/portals/android/CHANGELOG.md
44 silly fixed writing new entry: "# [0.5.0](https://github.com/ionic-team/ionic-portals/compare/0.4.2...0.5.0) (2022-02-16)\n\n**Note:** Version bump only for package ionic-portals-ios\n\n\n\n"
45 silly fixed writing new entry: "# [0.5.0](https://github.com/ionic-team/ionic-portals/compare/0.4.2...0.5.0) (2022-02-16)\n\n**Note:** Version bump only for package @ionic/portals\n\n\n\n"
46 verbose fixed wrote /Users/giralte/src/portals/ios/CHANGELOG.md
47 verbose fixed wrote /Users/giralte/src/portals/plugin/CHANGELOG.md
48 silly root for root at /Users/giralte/src/portals
49 silly root writing new entry: "# [0.5.0](https://github.com/ionic-team/ionic-portals/compare/0.4.2...0.5.0) (2022-02-16)\n\n**Note:** Version bump only for package root\n\n\n\n"
50 verbose root wrote /Users/giralte/src/portals/CHANGELOG.md
51 silly lifecycle No script for "version" in "root", continuing
52 silly gitAdd [
52 silly gitAdd   'android/package.json',
52 silly gitAdd   'ios/package.json',
52 silly gitAdd   'ios/package-lock.json',
52 silly gitAdd   'plugin/package.json',
52 silly gitAdd   'plugin/package-lock.json',
52 silly gitAdd   'android/CHANGELOG.md',
52 silly gitAdd   'ios/CHANGELOG.md',
52 silly gitAdd   'plugin/CHANGELOG.md',
52 silly gitAdd   'CHANGELOG.md',
52 silly gitAdd   'lerna.json'
52 silly gitAdd ]
53 silly gitCommit Release 0.5.0
54 verbose git [ 'commit', '-m', 'Release 0.5.0' ]
55 silly gitTag 0.5.0
56 verbose git [ 'tag', '0.5.0', '-m', '0.5.0' ]
57 silly lifecycle No script for "postversion" in "ionic-portals-android", continuing
58 silly lifecycle No script for "postversion" in "ionic-portals-ios", continuing
59 silly lifecycle No script for "postversion" in "@ionic/portals", continuing
60 silly lifecycle No script for "postversion" in "root", continuing
61 info git Pushing tags...
62 silly gitPush origin main
63 silly parseGitRepo
64 verbose git [ 'config', '--get', 'remote.origin.url' ]
65 silly createGitHubClient
66 error Error: A GH_TOKEN environment variable is required.
66 error     at createGitHubClient (/Users/giralte/src/portals/node_modules/@lerna/github-client/lib/github-client.js:17:11)
66 error     at createClient (/Users/giralte/src/portals/node_modules/@lerna/version/lib/create-release.js:16:14)
66 error     at createRelease (/Users/giralte/src/portals/node_modules/@lerna/version/lib/create-release.js:25:18)
66 error     at /Users/giralte/src/portals/node_modules/@lerna/version/index.js:282:9
66 error     at /Users/giralte/src/portals/node_modules/p-waterfall/index.js:4:73
66 error     at /Users/giralte/src/portals/node_modules/p-reduce/index.js:16:10
